<?xml version="1.0" encoding="UTF-8"?>
<testsuite xmlns:xsi="http://www.w3.org/2001/XMLSchema-instance" xsi:noNamespaceSchemaLocation="https://maven.apache.org/surefire/maven-surefire-plugin/xsd/surefire-test-report.xsd" version="3.0.2" name="com.example.rabbit.RabbitApplicationTests" time="3.241" tests="1" errors="0" skipped="0" failures="0">
  <properties>
[...]
</properties>
  <testcase name="contextLoads" classname="com.example.rabbit.RabbitApplicationTests" time="0.615">
    <system-out><![CDATA[19:02:48.613 [main] INFO org.springframework.test.context.support.AnnotationConfigContextLoaderUtils -- Could not detect default configuration classes for test class [com.example.rabbit.RabbitApplicationTests]: RabbitApplicationTests does not declare any static, non-private, non-final, nested classes annotated with @Configuration.
19:02:48.691 [main] INFO org.springframework.boot.test.context.SpringBootTestContextBootstrapper -- Found @SpringBootConfiguration com.example.rabbit.RabbitApplication for test class com.example.rabbit.RabbitApplicationTests
19:02:48.818 [main] INFO org.springframework.boot.devtools.restart.RestartApplicationListener -- Restart disabled due to context in which it is running

  .   ____          _            __ _ _
 /\\ / ___'_ __ _ _(_)_ __  __ _ \ \ \ \
( ( )\___ | '_ | '_| | '_ \/ _` | \ \ \ \
 \\/  ___)| |_)| | | | | || (_| |  ) ) ) )
  '  |____| .__|_| |_|_| |_\__, | / / / /
 =========|_|==============|___/=/_/_/_/

 :: Spring Boot ::                (v3.4.1)

2025-01-08T19:02:49.051+03:00  INFO 4724 --- [rabbit] [           main] c.example.rabbit.RabbitApplicationTests  : Starting RabbitApplicationTests using Java 21.0.5 with PID 4724 (started by nastya in E:\Repositories\vladik\Rabbit\demo)
2025-01-08T19:02:49.053+03:00  INFO 4724 --- [rabbit] [           main] c.example.rabbit.RabbitApplicationTests  : No active profile set, falling back to 1 default profile: "default"
2025-01-08T19:02:50.716+03:00  INFO 4724 --- [rabbit] [           main] o.s.b.a.e.web.EndpointLinksResolver      : Exposing 1 endpoint beneath base path '/actuator'
2025-01-08T19:02:50.774+03:00  INFO 4724 --- [rabbit] [           main] o.s.a.r.c.CachingConnectionFactory       : Attempting to connect to: [localhost:5672]
2025-01-08T19:02:50.824+03:00  INFO 4724 --- [rabbit] [           main] o.s.a.r.c.CachingConnectionFactory       : Created new connection: rabbitConnectionFactory#2ad99cf3:0/SimpleConnection@54be6213 [delegate=amqp://guest@127.0.0.1:5672/, localPort=54398]
2025-01-08T19:02:50.973+03:00  INFO 4724 --- [rabbit] [           main] c.example.rabbit.RabbitApplicationTests  : Started RabbitApplicationTests in 2.164 seconds (process running for 2.978)
]]></system-out>
    <system-err><![CDATA[Mockito is currently self-attaching to enable the inline-mock-maker. This will no longer work in future releases of the JDK. Please add Mockito as an agent to your build what is described in Mockito's documentation: https://javadoc.io/doc/org.mockito/mockito-core/latest/org/mockito/Mockito.html#0.3
WARNING: A Java agent has been loaded dynamically (C:\Users\nastya\.m2\repository\net\bytebuddy\byte-buddy-agent\1.15.11\byte-buddy-agent-1.15.11.jar)
WARNING: If a serviceability tool is in use, please run with -XX:+EnableDynamicAgentLoading to hide this warning
WARNING: If a serviceability tool is not in use, please run with -Djdk.instrument.traceUsage for more information
WARNING: Dynamic loading of agents will be disallowed by default in a future release
]]></system-err>
  </testcase>
</testsuite>